c:\users\herreral\source\repos\audiocodec\audiocodec\debug\vc141.pdb
c:\users\herreral\source\repos\audiocodec\audiocodec\debug\vc141.idb
c:\users\herreral\source\repos\audiocodec\audiocodec\debug\main.obj
c:\users\herreral\source\repos\audiocodec\audiocodec\debug\encoder.obj
c:\users\herreral\source\repos\audiocodec\audiocodec\debug\decoder.obj
c:\users\herreral\source\repos\audiocodec\audiocodec\debug\kiss_fftr.obj
c:\users\herreral\source\repos\audiocodec\audiocodec\debug\kiss_fftndr.obj
c:\users\herreral\source\repos\audiocodec\audiocodec\debug\kiss_fftnd.obj
c:\users\herreral\source\repos\audiocodec\audiocodec\debug\kiss_fft.obj
c:\users\herreral\source\repos\audiocodec\audiocodec\debug\kiss_fastfir.obj
c:\users\herreral\source\repos\audiocodec\audiocodec\debug\kfc.obj
c:\users\herreral\source\repos\audiocodec\debug\audiocodec.ilk
c:\users\herreral\source\repos\audiocodec\debug\audiocodec.exe
c:\users\herreral\source\repos\audiocodec\debug\audiocodec.pdb
c:\users\herreral\source\repos\audiocodec\audiocodec\debug\audiocodec.tlog\cl.command.1.tlog
c:\users\herreral\source\repos\audiocodec\audiocodec\debug\audiocodec.tlog\cl.read.1.tlog
c:\users\herreral\source\repos\audiocodec\audiocodec\debug\audiocodec.tlog\cl.write.1.tlog
c:\users\herreral\source\repos\audiocodec\audiocodec\debug\audiocodec.tlog\link.command.1.tlog
c:\users\herreral\source\repos\audiocodec\audiocodec\debug\audiocodec.tlog\link.read.1.tlog
c:\users\herreral\source\repos\audiocodec\audiocodec\debug\audiocodec.tlog\link.write.1.tlog
